<?xml version="1.0" encoding="UTF-8"?>
<!-- Generated by org.testng.reporters.JUnitXMLReporter -->
<testsuite ignored="0" hostname="DESKTOP-UG71NEM" failures="1" tests="1" name="Default test" time="72.699" errors="0" timestamp="2023-10-08T10:45:04 IST">
  <testcase classname="io.cucumber.testng.AbstractTestNGCucumberTests" name="runScenario" time="71.787">
    <failure type="java.lang.NullPointerException">
      <![CDATA[java.lang.NullPointerException
at StepDefination.closeStep.close_Browser(closeStep.java:10)
at ✽.close Browser(file:///C:/Users/admin/Downloads/eclipse-jee-photon-R-win32-x86_64/eclipse/BDDFrameworkPart2/ORMBDDFramework/./Features/Login.feature:11)
]]>
    </failure>
  </testcase> <!-- runScenario -->
</testsuite> <!-- Default test -->
