<?xml version="1.0" encoding="UTF-8"?>
<testng-results ignored="0" total="1" passed="0" failed="1" skipped="0">
  <reporter-output>
  </reporter-output>
  <suite started-at="2023-10-08T10:43:51 IST" name="Default suite" finished-at="2023-10-08T10:45:04 IST" duration-ms="72699">
    <groups>
      <group name="cucumber">
        <method signature="AbstractTestNGCucumberTests.runScenario(io.cucumber.testng.PickleWrapper,io.cucumber.testng.FeatureWrapper)[pri:0, instance:TestRunner.Runner@1ed6388a]" name="runScenario" class="io.cucumber.testng.AbstractTestNGCucumberTests"/>
      </group> <!-- cucumber -->
    </groups>
    <test started-at="2023-10-08T10:43:51 IST" name="Default test" finished-at="2023-10-08T10:45:04 IST" duration-ms="72699">
      <class name="TestRunner.Runner">
        <test-method is-config="true" signature="setUpClass(org.testng.ITestContext)[pri:0, instance:TestRunner.Runner@1ed6388a]" started-at="2023-10-08T10:43:51 IST" name="setUpClass" finished-at="2023-10-08T10:43:52 IST" duration-ms="734" status="PASS">
          <params>
            <param index="0">
              <value>
                <![CDATA[org.testng.TestRunner@6a87026]]>
              </value>
            </param>
          </params>
          <reporter-output>
          </reporter-output>
        </test-method> <!-- setUpClass -->
        <test-method signature="runScenario(io.cucumber.testng.PickleWrapper,io.cucumber.testng.FeatureWrapper)[pri:0, instance:TestRunner.Runner@1ed6388a]" started-at="2023-10-08T10:43:52 IST" name="runScenario" description="Runs Cucumber Scenarios" data-provider="scenarios" finished-at="2023-10-08T10:45:04 IST" duration-ms="71787" status="FAIL">
          <params>
            <param index="0">
              <value>
                <![CDATA["User is able to login with valid creadintial"]]>
              </value>
            </param>
            <param index="1">
              <value>
                <![CDATA["Login"]]>
              </value>
            </param>
          </params>
          <exception class="java.lang.NullPointerException">
            <full-stacktrace>
              <![CDATA[java.lang.NullPointerException
at StepDefination.closeStep.close_Browser(closeStep.java:10)
at ✽.close Browser(file:///C:/Users/admin/Downloads/eclipse-jee-photon-R-win32-x86_64/eclipse/BDDFrameworkPart2/ORMBDDFramework/./Features/Login.feature:11)
]]>
            </full-stacktrace>
          </exception> <!-- java.lang.NullPointerException -->
          <reporter-output>
          </reporter-output>
        </test-method> <!-- runScenario -->
        <test-method is-config="true" signature="tearDownClass()[pri:0, instance:TestRunner.Runner@1ed6388a]" started-at="2023-10-08T10:45:04 IST" name="tearDownClass" finished-at="2023-10-08T10:45:04 IST" duration-ms="36" status="PASS">
          <reporter-output>
          </reporter-output>
        </test-method> <!-- tearDownClass -->
      </class> <!-- TestRunner.Runner -->
    </test> <!-- Default test -->
  </suite> <!-- Default suite -->
</testng-results>
