<?xml version="1.0" encoding="UTF-8"?>
<!-- Generated by org.testng.reporters.JUnitReportReporter -->
<testsuite hostname="DESKTOP-UG71NEM" failures="0" tests="1" name="TestRunner.Runner" time="71.787" errors="1" timestamp="2023-10-08T10:45:05 IST" skipped="0">
  <testcase classname="TestRunner.Runner" name="runScenario" time="71.787">
    <error type="java.lang.NullPointerException">
      <![CDATA[java.lang.NullPointerException
at StepDefination.closeStep.close_Browser(closeStep.java:10)
at ✽.close Browser(file:///C:/Users/admin/Downloads/eclipse-jee-photon-R-win32-x86_64/eclipse/BDDFrameworkPart2/ORMBDDFramework/./Features/Login.feature:11)
]]>
    </error>
  </testcase> <!-- runScenario -->
  <system-out/>
</testsuite> <!-- TestRunner.Runner -->
